<?xml version="1.0" encoding="UTF-8"?>
<testng-results skipped="0" failed="0" total="1" passed="1">
  <reporter-output>
  </reporter-output>
  <suite name="Default suite" duration-ms="94319" started-at="2018-09-28T12:01:42Z" finished-at="2018-09-28T12:03:16Z">
    <groups>
      <group name="Sanity">
        <method signature="WelcomeScreenSuite.VerifyWelcomePage()[pri:0, instance:com.kony.ktas.suites.WelcomeScreenSuite@78c03f1f]" name="VerifyWelcomePage" class="com.kony.ktas.suites.WelcomeScreenSuite"/>
      </group> <!-- Sanity -->
    </groups>
    <test name="Default test" duration-ms="94319" started-at="2018-09-28T12:01:42Z" finished-at="2018-09-28T12:03:16Z">
      <class name="com.kony.ktas.suites.WelcomeScreenSuite">
        <test-method status="PASS" signature="startApp()[pri:0, instance:com.kony.ktas.suites.WelcomeScreenSuite@78c03f1f]" name="startApp" is-config="true" duration-ms="64590" started-at="2018-09-28T17:31:42Z" finished-at="2018-09-28T17:32:46Z">
          <reporter-output>
          </reporter-output>
        </test-method> <!-- startApp -->
        <test-method status="PASS" signature="VerifyWelcomePage()[pri:0, instance:com.kony.ktas.suites.WelcomeScreenSuite@78c03f1f]" name="VerifyWelcomePage" duration-ms="27870" started-at="2018-09-28T17:32:46Z" description="To Verify Home screen" finished-at="2018-09-28T17:33:14Z">
          <reporter-output>
          </reporter-output>
        </test-method> <!-- VerifyWelcomePage -->
        <test-method status="PASS" signature="closeDriver()[pri:0, instance:com.kony.ktas.suites.WelcomeScreenSuite@78c03f1f]" name="closeDriver" is-config="true" duration-ms="1843" started-at="2018-09-28T17:33:14Z" finished-at="2018-09-28T17:33:16Z">
          <reporter-output>
          </reporter-output>
        </test-method> <!-- closeDriver -->
      </class> <!-- com.kony.ktas.suites.WelcomeScreenSuite -->
    </test> <!-- Default test -->
  </suite> <!-- Default suite -->
</testng-results>
